<?xml version="1.0" encoding="UTF-8"?>
<!-- Generated by org.testng.reporters.JUnitReportReporter -->
<testsuite skipped="0" hostname="Admin-PC" name="PlatformTesting.com.platform.org.VerifyLoginTest" tests="4" failures="0" timestamp="03 Dec 2017 02:19:56 GMT" time="22.692" errors="0">
  <testcase name="checkvalidUser" time="7.575" classname="PlatformTesting.com.platform.org.VerifyLoginTest"/>
  <testcase name="checkvalidLogin" time="6.412" classname="PlatformTesting.com.platform.org.VerifyLoginTest"/>
  <testcase name="registerUser" time="8.534" classname="PlatformTesting.com.platform.org.VerifyLoginTest"/>
  <testcase name="checkUserDatabase" time="0.171" classname="PlatformTesting.com.platform.org.VerifyLoginTest"/>
</testsuite> <!-- PlatformTesting.com.platform.org.VerifyLoginTest -->
