<?xml version="1.0" encoding="UTF-8"?>
<!-- Generated by org.testng.reporters.JUnitReportReporter -->
<testsuite skipped="0" hostname="Admin-PC" name="PlatformTesting.com.platform.org.VerifyLoginTest" tests="4" failures="0" timestamp="05 Dec 2017 05:51:37 GMT" time="21.706" errors="0">
  <testcase name="checkvalidUser" time="6.743" classname="PlatformTesting.com.platform.org.VerifyLoginTest"/>
  <testcase name="checkvalidLogin" time="6.091" classname="PlatformTesting.com.platform.org.VerifyLoginTest"/>
  <testcase name="registerUser" time="8.700" classname="PlatformTesting.com.platform.org.VerifyLoginTest"/>
  <testcase name="checkUserDatabase" time="0.172" classname="PlatformTesting.com.platform.org.VerifyLoginTest"/>
</testsuite> <!-- PlatformTesting.com.platform.org.VerifyLoginTest -->
