<?xml version="1.0" encoding="UTF-8"?>
<!-- Generated by org.testng.reporters.JUnitReportReporter -->
<testsuite skipped="0" hostname="Admin-PC" name="PlatformTesting.com.platform.org.VerifyLoginTest" tests="3" failures="0" timestamp="06 Dec 2017 00:34:32 GMT" time="25.138" errors="0">
  <testcase name="checkvalidUser" time="10.550" classname="PlatformTesting.com.platform.org.VerifyLoginTest"/>
  <testcase name="checkvalidLogin" time="6.179" classname="PlatformTesting.com.platform.org.VerifyLoginTest"/>
  <testcase name="registerUser" time="8.409" classname="PlatformTesting.com.platform.org.VerifyLoginTest"/>
</testsuite> <!-- PlatformTesting.com.platform.org.VerifyLoginTest -->
