<?xml version="1.0" encoding="UTF-8"?>
<!-- Generated by org.testng.reporters.JUnitReportReporter -->
<testsuite skipped="0" hostname="Admin-PC" name="PlatformTesting.com.platform.org.VerifyLoginTest" tests="3" failures="0" timestamp="06 Dec 2017 06:44:51 GMT" time="12.782" errors="0">
  <testcase name="checkvalidUser" time="6.501" classname="PlatformTesting.com.platform.org.VerifyLoginTest"/>
  <testcase name="checkvalidLogin" time="6.095" classname="PlatformTesting.com.platform.org.VerifyLoginTest"/>
  <testcase name="checkUserDatabase" time="0.186" classname="PlatformTesting.com.platform.org.VerifyLoginTest"/>
</testsuite> <!-- PlatformTesting.com.platform.org.VerifyLoginTest -->
