<?xml version="1.0" encoding="UTF-8"?>
<!-- Generated by org.testng.reporters.JUnitReportReporter -->
<testsuite skipped="0" hostname="Admin-PC" name="PlatformTesting.com.platform.org.PersonabarPageTest" tests="2" failures="0" timestamp="05 Dec 2017 05:51:37 GMT" time="37.044" errors="0">
  <testcase name="checkPersonabarPages" time="11.786" classname="PlatformTesting.com.platform.org.PersonabarPageTest"/>
  <testcase name="PersonabarCreatePage" time="25.258" classname="PlatformTesting.com.platform.org.PersonabarPageTest"/>
</testsuite> <!-- PlatformTesting.com.platform.org.PersonabarPageTest -->
