<?xml version="1.0" encoding="UTF-8"?>
<!-- Generated by org.testng.reporters.JUnitReportReporter -->
<testsuite skipped="0" hostname="Admin-PC" name="PlatformTesting.com.platform.org.PersonabarPageTest" tests="2" failures="0" timestamp="06 Dec 2017 00:34:32 GMT" time="33.906" errors="0">
  <testcase name="checkPersonabarPages" time="8.154" classname="PlatformTesting.com.platform.org.PersonabarPageTest"/>
  <testcase name="PersonabarCreatePage" time="25.752" classname="PlatformTesting.com.platform.org.PersonabarPageTest"/>
</testsuite> <!-- PlatformTesting.com.platform.org.PersonabarPageTest -->
