<?xml version="1.0" encoding="UTF-8"?>
<!-- Generated by org.testng.reporters.JUnitReportReporter -->
<testsuite skipped="0" hostname="Admin-PC" name="PlatformTesting.com.platform.org.PersonabarPageTest" tests="1" failures="0" timestamp="06 Dec 2017 06:45:26 GMT" time="12.670" errors="0">
  <testcase name="PersonabarCreatePage" time="12.670" classname="PlatformTesting.com.platform.org.PersonabarPageTest"/>
</testsuite> <!-- PlatformTesting.com.platform.org.PersonabarPageTest -->
