<?xml version="1.0" encoding="UTF-8"?>
<!-- Generated by org.testng.reporters.JUnitReportReporter -->
<testsuite skipped="0" hostname="Admin-PC" name="PlatformTesting.com.platform.org.VerifyLoginTest" tests="5" failures="0" timestamp="20 Nov 2017 05:32:07 GMT" time="23.191" errors="0">
  <testcase name="checkvalidUser" time="6.545" classname="PlatformTesting.com.platform.org.VerifyLoginTest"/>
  <testcase name="personabarcheck" time="2.689" classname="PlatformTesting.com.platform.org.VerifyLoginTest"/>
  <testcase name="checkvalidLogin" time="6.253" classname="PlatformTesting.com.platform.org.VerifyLoginTest"/>
  <testcase name="createvalidLogin" time="7.508" classname="PlatformTesting.com.platform.org.VerifyLoginTest"/>
  <testcase name="runDatabase" time="0.196" classname="PlatformTesting.com.platform.org.VerifyLoginTest"/>
</testsuite> <!-- PlatformTesting.com.platform.org.VerifyLoginTest -->
