<?xml version="1.0" encoding="UTF-8"?>
<!-- Generated by org.testng.reporters.JUnitReportReporter -->
<testsuite skipped="0" hostname="Admin-PC" name="PlatformTesting.com.platform.org.PersonabarPageTest" tests="2" failures="0" timestamp="03 Dec 2017 02:59:47 GMT" time="20.257" errors="0">
  <testcase name="checkPersonabarPages" time="7.925" classname="PlatformTesting.com.platform.org.PersonabarPageTest"/>
  <testcase name="PersonabarCreatePage" time="12.332" classname="PlatformTesting.com.platform.org.PersonabarPageTest"/>
</testsuite> <!-- PlatformTesting.com.platform.org.PersonabarPageTest -->
