<?xml version="1.0" encoding="UTF-8"?>
<!-- Generated by org.testng.reporters.JUnitReportReporter -->
<testsuite skipped="0" hostname="Admin-PC" name="PlatformTesting.com.platform.org.PersonabarPageTest" tests="2" failures="0" timestamp="02 Dec 2017 07:09:41 GMT" time="41.207" errors="0">
  <testcase name="checkPersonabarPages" time="7.393" classname="PlatformTesting.com.platform.org.PersonabarPageTest"/>
  <testcase name="PersonabarCreatePage" time="33.814" classname="PlatformTesting.com.platform.org.PersonabarPageTest"/>
</testsuite> <!-- PlatformTesting.com.platform.org.PersonabarPageTest -->
