<?xml version="1.0" encoding="UTF-8"?>
<!-- Generated by org.testng.reporters.JUnitReportReporter -->
<testsuite skipped="0" hostname="Admin-PC" name="PlatformTesting.com.platform.org.VerifyLoginTest" tests="4" failures="0" timestamp="02 Dec 2017 06:36:47 GMT" time="22.441" errors="0">
  <testcase name="checkvalidUser" time="7.000" classname="PlatformTesting.com.platform.org.VerifyLoginTest"/>
  <testcase name="checkvalidLogin" time="6.501" classname="PlatformTesting.com.platform.org.VerifyLoginTest"/>
  <testcase name="registerUser" time="8.740" classname="PlatformTesting.com.platform.org.VerifyLoginTest"/>
  <testcase name="checkUserDatabase" time="0.200" classname="PlatformTesting.com.platform.org.VerifyLoginTest"/>
</testsuite> <!-- PlatformTesting.com.platform.org.VerifyLoginTest -->
