<?xml version="1.0" encoding="UTF-8"?>
<!-- Generated by org.testng.reporters.JUnitReportReporter -->
<testsuite skipped="0" hostname="Admin-PC" name="PlatformTesting.com.platform.org.PersonabarPageTest" tests="2" failures="0" timestamp="06 Dec 2017 00:45:08 GMT" time="30.027" errors="0">
  <testcase name="checkPersonabarPages" time="9.367" classname="PlatformTesting.com.platform.org.PersonabarPageTest"/>
  <testcase name="PersonabarCreatePage" time="20.660" classname="PlatformTesting.com.platform.org.PersonabarPageTest"/>
</testsuite> <!-- PlatformTesting.com.platform.org.PersonabarPageTest -->
