<?xml version="1.0" encoding="UTF-8"?>
<!-- Generated by org.testng.reporters.JUnitReportReporter -->
<testsuite skipped="0" hostname="Admin-PC" name="PlatformTesting.com.platform.org.VerifyLoginTest" tests="3" failures="0" timestamp="06 Dec 2017 03:53:56 GMT" time="21.147" errors="0">
  <testcase name="checkvalidUser" time="6.665" classname="PlatformTesting.com.platform.org.VerifyLoginTest"/>
  <testcase name="checkvalidLogin" time="6.086" classname="PlatformTesting.com.platform.org.VerifyLoginTest"/>
  <testcase name="registerUser" time="8.396" classname="PlatformTesting.com.platform.org.VerifyLoginTest"/>
</testsuite> <!-- PlatformTesting.com.platform.org.VerifyLoginTest -->
