<?xml version="1.0" encoding="UTF-8"?>
<!-- Generated by org.testng.reporters.JUnitReportReporter -->
<testsuite skipped="0" hostname="Admin-PC" name="PlatformTesting.com.platform.org.VerifyLoginTest" tests="3" failures="0" timestamp="05 Dec 2017 23:55:42 GMT" time="20.785" errors="0">
  <testcase name="checkvalidUser" time="6.447" classname="PlatformTesting.com.platform.org.VerifyLoginTest"/>
  <testcase name="checkvalidLogin" time="5.913" classname="PlatformTesting.com.platform.org.VerifyLoginTest"/>
  <testcase name="registerUser" time="8.425" classname="PlatformTesting.com.platform.org.VerifyLoginTest"/>
</testsuite> <!-- PlatformTesting.com.platform.org.VerifyLoginTest -->
