<?xml version="1.0" encoding="UTF-8"?>
<!-- Generated by org.testng.reporters.JUnitReportReporter -->
<testsuite skipped="0" hostname="Admin-PC" name="PlatformTesting.com.platform.org.VerifyLoginTest" tests="4" failures="0" timestamp="15 Nov 2017 23:55:26 GMT" time="27.605" errors="0">
  <testcase name="checkvalidUser" time="11.056" classname="PlatformTesting.com.platform.org.VerifyLoginTest"/>
  <testcase name="personabarcheck" time="2.369" classname="PlatformTesting.com.platform.org.VerifyLoginTest"/>
  <testcase name="checkvalidLogin" time="6.472" classname="PlatformTesting.com.platform.org.VerifyLoginTest"/>
  <testcase name="createvalidLogin" time="7.708" classname="PlatformTesting.com.platform.org.VerifyLoginTest"/>
</testsuite> <!-- PlatformTesting.com.platform.org.VerifyLoginTest -->
